e:\programs\vs\贪吃蛇(控制台版)\贪吃蛇(控制台版)\debug\vc141.pdb
e:\programs\vs\贪吃蛇(控制台版)\贪吃蛇(控制台版)\debug\vc141.idb
e:\programs\vs\贪吃蛇(控制台版)\贪吃蛇(控制台版)\debug\prompt.obj
e:\programs\vs\贪吃蛇(控制台版)\贪吃蛇(控制台版)\debug\judge.obj
e:\programs\vs\贪吃蛇(控制台版)\贪吃蛇(控制台版)\debug\inf.obj
e:\programs\vs\贪吃蛇(控制台版)\贪吃蛇(控制台版)\debug\gph.obj
e:\programs\vs\贪吃蛇(控制台版)\贪吃蛇(控制台版)\debug\exit.obj
e:\programs\vs\贪吃蛇(控制台版)\贪吃蛇(控制台版)\debug\debug.obj
e:\programs\vs\贪吃蛇(控制台版)\贪吃蛇(控制台版)\debug\console.obj
e:\programs\vs\贪吃蛇(控制台版)\贪吃蛇(控制台版)\debug\logic.obj
e:\programs\vs\贪吃蛇(控制台版)\贪吃蛇(控制台版)\debug\main.obj
e:\programs\vs\贪吃蛇(控制台版)\贪吃蛇(控制台版)\debug\init.obj
e:\programs\vs\贪吃蛇(控制台版)\贪吃蛇(控制台版)\debug\menu.obj
e:\programs\vs\贪吃蛇(控制台版)\贪吃蛇(控制台版)\debug\runtime.obj
e:\programs\vs\贪吃蛇(控制台版)\debug\贪吃蛇(控制台版).ilk
e:\programs\vs\贪吃蛇(控制台版)\debug\贪吃蛇(控制台版).exe
e:\programs\vs\贪吃蛇(控制台版)\debug\贪吃蛇(控制台版).pdb
e:\programs\vs\贪吃蛇(控制台版)\贪吃蛇(控制台版)\debug\贪吃蛇(控制台版).tlog\cl.command.1.tlog
e:\programs\vs\贪吃蛇(控制台版)\贪吃蛇(控制台版)\debug\贪吃蛇(控制台版).tlog\cl.read.1.tlog
e:\programs\vs\贪吃蛇(控制台版)\贪吃蛇(控制台版)\debug\贪吃蛇(控制台版).tlog\cl.write.1.tlog
e:\programs\vs\贪吃蛇(控制台版)\贪吃蛇(控制台版)\debug\贪吃蛇(控制台版).tlog\link.command.1.tlog
e:\programs\vs\贪吃蛇(控制台版)\贪吃蛇(控制台版)\debug\贪吃蛇(控制台版).tlog\link.read.1.tlog
e:\programs\vs\贪吃蛇(控制台版)\贪吃蛇(控制台版)\debug\贪吃蛇(控制台版).tlog\link.write.1.tlog
